<?xml version="1.0" encoding="UTF-8"?>
<testng-results skipped="0" failed="0" ignored="0" total="1" passed="1">
  <reporter-output>
  </reporter-output>
  <suite name="Suite" duration-ms="105" started-at="2018-07-14T05:40:10Z" finished-at="2018-07-14T05:40:10Z">
    <groups>
    </groups>
    <test name="Test" duration-ms="105" started-at="2018-07-14T05:40:10Z" finished-at="2018-07-14T05:40:10Z">
      <class name="TestCases.TC03">
        <test-method status="PASS" signature="m1()[pri:0, instance:TestCases.TC03@566776ad]" name="m1" duration-ms="24" started-at="2018-07-14T05:40:10Z" finished-at="2018-07-14T05:40:10Z">
          <reporter-output>
          </reporter-output>
        </test-method> <!-- m1 -->
      </class> <!-- TestCases.TC03 -->
    </test> <!-- Test -->
  </suite> <!-- Suite -->
</testng-results>
