<?xml version="1.0" encoding="UTF-8"?>
<testng-results skipped="0" failed="0" ignored="0" total="2" passed="2">
  <reporter-output>
  </reporter-output>
  <suite name="Suite" duration-ms="24448" started-at="2018-07-09T11:18:24Z" finished-at="2018-07-09T11:18:49Z">
    <groups>
    </groups>
    <test name="Test" duration-ms="24448" started-at="2018-07-09T11:18:24Z" finished-at="2018-07-09T11:18:49Z">
      <class name="TestCases.TestCase02">
        <test-method status="PASS" signature="initialization()[pri:0, instance:TestCases.TestCase02@1bce4f0a]" name="initialization" duration-ms="20303" started-at="2018-07-09T11:18:24Z" finished-at="2018-07-09T11:18:45Z">
          <reporter-output>
          </reporter-output>
        </test-method> <!-- initialization -->
        <test-method status="PASS" signature="t()[pri:0, instance:TestCases.TestCase02@1bce4f0a]" name="t" duration-ms="2083" started-at="2018-07-09T11:18:46Z" finished-at="2018-07-09T11:18:48Z">
          <reporter-output>
          </reporter-output>
        </test-method> <!-- t -->
      </class> <!-- TestCases.TestCase02 -->
    </test> <!-- Test -->
  </suite> <!-- Suite -->
</testng-results>
